<?xml version="1.0" encoding="UTF-8"?>
<!-- Generated by org.testng.reporters.JUnitXMLReporter -->
<testsuite ignored="0" hostname="Soo-Min" failures="0" tests="3" name="Test" time="17.492" errors="0" timestamp="14 Aug 2022 15:38:25 GMT">
  <testcase classname="weTestNG.HomePageTest" name="test1" time="0.004"/>
  <testcase classname="weTestNG.SimplilearnLogin" name="NegativeTest" time="4.053"/>
  <testcase classname="weTestNG.SimplilearnLogin" name="PositiveTest" time="3.992"/>
</testsuite> <!-- Test -->
