<?xml version="1.0" encoding="UTF-8"?>
<!-- Generated by org.testng.reporters.JUnitXMLReporter -->
<testsuite ignored="0" hostname="Soo-Min" failures="0" tests="3" name="Test" time="8.662" errors="0" timestamp="18 Aug 2022 11:13:30 GMT">
  <testcase classname="weTestNG.HomePageTest" name="test1" time="0.001"/>
  <testcase classname="weTestNG.SimplilearnLogin" name="NegativeTest" time="2.097"/>
  <testcase classname="weTestNG.SimplilearnLogin" name="PositiveTest" time="2.198"/>
</testsuite> <!-- Test -->
