<?xml version="1.0" encoding="UTF-8"?>
<testng-results ignored="0" total="1" passed="1" failed="0" skipped="0">
  <reporter-output>
  </reporter-output>
  <suite started-at="2022-08-14T14:31:50Z" name="Suite" finished-at="2022-08-14T14:31:54Z" duration-ms="3464">
    <groups>
    </groups>
    <test started-at="2022-08-14T14:31:50Z" name="Test" finished-at="2022-08-14T14:31:54Z" duration-ms="3464">
      <class name="weTestNG.HomePageTest">
        <test-method is-config="true" signature="SetUp()[pri:0, instance:weTestNG.HomePageTest@5824a83d]" started-at="2022-08-14T14:31:50Z" name="SetUp" finished-at="2022-08-14T14:31:53Z" duration-ms="2948" status="PASS">
          <reporter-output>
          </reporter-output>
        </test-method> <!-- SetUp -->
        <test-method signature="test1()[pri:0, instance:weTestNG.HomePageTest@5824a83d]" started-at="2022-08-14T14:31:53Z" name="test1" finished-at="2022-08-14T14:31:53Z" duration-ms="0" status="PASS">
          <reporter-output>
          </reporter-output>
        </test-method> <!-- test1 -->
        <test-method is-config="true" signature="TesrDown()[pri:0, instance:weTestNG.HomePageTest@5824a83d]" started-at="2022-08-14T14:31:53Z" name="TesrDown" finished-at="2022-08-14T14:31:54Z" duration-ms="505" status="PASS">
          <reporter-output>
          </reporter-output>
        </test-method> <!-- TesrDown -->
      </class> <!-- weTestNG.HomePageTest -->
    </test> <!-- Test -->
  </suite> <!-- Suite -->
</testng-results>
