<?xml version="1.0" encoding="UTF-8"?>
<testng-results ignored="0" total="2" passed="2" failed="0" skipped="0">
  <reporter-output>
  </reporter-output>
  <suite started-at="2022-08-17T15:53:54Z" name="Default suite" finished-at="2022-08-17T15:54:07Z" duration-ms="12792">
    <groups>
    </groups>
    <test started-at="2022-08-17T15:53:54Z" name="Default test" finished-at="2022-08-17T15:54:07Z" duration-ms="12792">
      <class name="weTestNG.SimplilearnLogin">
        <test-method is-config="true" signature="SetUp()[pri:0, instance:weTestNG.SimplilearnLogin@543295b0]" started-at="2022-08-17T15:53:54Z" name="SetUp" finished-at="2022-08-17T15:53:56Z" duration-ms="1957" status="PASS">
          <reporter-output>
          </reporter-output>
        </test-method> <!-- SetUp -->
        <test-method signature="NegativeTest()[pri:0, instance:weTestNG.SimplilearnLogin@543295b0]" started-at="2022-08-17T15:53:56Z" name="NegativeTest" finished-at="2022-08-17T15:54:00Z" duration-ms="3358" status="PASS">
          <reporter-output>
          </reporter-output>
        </test-method> <!-- NegativeTest -->
        <test-method is-config="true" signature="TesrDown()[pri:0, instance:weTestNG.SimplilearnLogin@543295b0]" started-at="2022-08-17T15:54:00Z" name="TesrDown" finished-at="2022-08-17T15:54:00Z" duration-ms="49" status="PASS">
          <reporter-output>
          </reporter-output>
        </test-method> <!-- TesrDown -->
        <test-method is-config="true" signature="SetUp()[pri:0, instance:weTestNG.SimplilearnLogin@543295b0]" started-at="2022-08-17T15:54:00Z" name="SetUp" finished-at="2022-08-17T15:54:01Z" duration-ms="1245" status="PASS">
          <reporter-output>
          </reporter-output>
        </test-method> <!-- SetUp -->
        <test-method signature="PositiveTest()[pri:0, instance:weTestNG.SimplilearnLogin@543295b0]" started-at="2022-08-17T15:54:01Z" name="PositiveTest" finished-at="2022-08-17T15:54:05Z" duration-ms="3771" status="PASS">
          <reporter-output>
          </reporter-output>
        </test-method> <!-- PositiveTest -->
        <test-method is-config="true" signature="TesrDown()[pri:0, instance:weTestNG.SimplilearnLogin@543295b0]" started-at="2022-08-17T15:54:05Z" name="TesrDown" finished-at="2022-08-17T15:54:07Z" duration-ms="2396" status="PASS">
          <reporter-output>
          </reporter-output>
        </test-method> <!-- TesrDown -->
      </class> <!-- weTestNG.SimplilearnLogin -->
    </test> <!-- Default test -->
  </suite> <!-- Default suite -->
</testng-results>
