<?xml version="1.0" encoding="UTF-8"?>
<testng-results ignored="0" total="3" passed="3" failed="0" skipped="0">
  <reporter-output>
  </reporter-output>
  <suite started-at="2022-08-14T15:38:08Z" name="Suite" finished-at="2022-08-14T15:38:25Z" duration-ms="17492">
    <groups>
    </groups>
    <test started-at="2022-08-14T15:38:08Z" name="Test" finished-at="2022-08-14T15:38:25Z" duration-ms="17492">
      <class name="weTestNG.SimplilearnLogin">
        <test-method is-config="true" signature="SetUp()[pri:0, instance:weTestNG.SimplilearnLogin@3e27ba32]" started-at="2022-08-14T15:38:11Z" name="SetUp" finished-at="2022-08-14T15:38:13Z" duration-ms="2479" status="PASS">
          <reporter-output>
          </reporter-output>
        </test-method> <!-- SetUp -->
        <test-method signature="NegativeTest()[pri:0, instance:weTestNG.SimplilearnLogin@3e27ba32]" started-at="2022-08-14T15:38:13Z" name="NegativeTest" finished-at="2022-08-14T15:38:17Z" duration-ms="4053" status="PASS">
          <reporter-output>
          </reporter-output>
        </test-method> <!-- NegativeTest -->
        <test-method is-config="true" signature="TesrDown()[pri:0, instance:weTestNG.SimplilearnLogin@3e27ba32]" started-at="2022-08-14T15:38:17Z" name="TesrDown" finished-at="2022-08-14T15:38:18Z" duration-ms="592" status="PASS">
          <reporter-output>
          </reporter-output>
        </test-method> <!-- TesrDown -->
        <test-method is-config="true" signature="SetUp()[pri:0, instance:weTestNG.SimplilearnLogin@3e27ba32]" started-at="2022-08-14T15:38:18Z" name="SetUp" finished-at="2022-08-14T15:38:21Z" duration-ms="2704" status="PASS">
          <reporter-output>
          </reporter-output>
        </test-method> <!-- SetUp -->
        <test-method signature="PositiveTest()[pri:0, instance:weTestNG.SimplilearnLogin@3e27ba32]" started-at="2022-08-14T15:38:21Z" name="PositiveTest" finished-at="2022-08-14T15:38:25Z" duration-ms="3992" status="PASS">
          <reporter-output>
          </reporter-output>
        </test-method> <!-- PositiveTest -->
        <test-method is-config="true" signature="TesrDown()[pri:0, instance:weTestNG.SimplilearnLogin@3e27ba32]" started-at="2022-08-14T15:38:25Z" name="TesrDown" finished-at="2022-08-14T15:38:25Z" duration-ms="483" status="PASS">
          <reporter-output>
          </reporter-output>
        </test-method> <!-- TesrDown -->
      </class> <!-- weTestNG.SimplilearnLogin -->
      <class name="weTestNG.HomePageTest">
        <test-method is-config="true" signature="SetUp()[pri:0, instance:weTestNG.HomePageTest@117159c0]" started-at="2022-08-14T15:38:08Z" name="SetUp" finished-at="2022-08-14T15:38:10Z" duration-ms="2656" status="PASS">
          <reporter-output>
          </reporter-output>
        </test-method> <!-- SetUp -->
        <test-method signature="test1()[pri:0, instance:weTestNG.HomePageTest@117159c0]" started-at="2022-08-14T15:38:10Z" name="test1" finished-at="2022-08-14T15:38:10Z" duration-ms="4" status="PASS">
          <reporter-output>
          </reporter-output>
        </test-method> <!-- test1 -->
        <test-method is-config="true" signature="TesrDown()[pri:0, instance:weTestNG.HomePageTest@117159c0]" started-at="2022-08-14T15:38:10Z" name="TesrDown" finished-at="2022-08-14T15:38:11Z" duration-ms="514" status="PASS">
          <reporter-output>
          </reporter-output>
        </test-method> <!-- TesrDown -->
      </class> <!-- weTestNG.HomePageTest -->
    </test> <!-- Test -->
  </suite> <!-- Suite -->
</testng-results>
